\BOOKMARK [1][-]{section.1}{Introduction}{}% 1
\BOOKMARK [2][-]{subsection.1.1}{Using the BOUT++ repository}{section.1}% 2
\BOOKMARK [3][-]{subsubsection.1.1.1}{Developing BOUT++}{subsection.1.1}% 3
\BOOKMARK [3][-]{subsubsection.1.1.2}{Accessing github from behind a firewall}{subsection.1.1}% 4
\BOOKMARK [3][-]{subsubsection.1.1.3}{Creating a private repository}{subsection.1.1}% 5
\BOOKMARK [2][-]{subsection.1.2}{House rules}{section.1}% 6
\BOOKMARK [2][-]{subsection.1.3}{Coding conventions}{section.1}% 7
\BOOKMARK [2][-]{subsection.1.4}{Testing}{section.1}% 8
\BOOKMARK [1][-]{section.2}{Code layout}{}% 9
\BOOKMARK [2][-]{subsection.2.1}{Directories}{section.2}% 10
\BOOKMARK [1][-]{section.3}{Data types}{}% 11
\BOOKMARK [2][-]{subsection.3.1}{FieldData}{section.3}% 12
\BOOKMARK [2][-]{subsection.3.2}{Field}{section.3}% 13
\BOOKMARK [2][-]{subsection.3.3}{Vector}{section.3}% 14
\BOOKMARK [2][-]{subsection.3.4}{dcomplex}{section.3}% 15
\BOOKMARK [2][-]{subsection.3.5}{Memory management}{section.3}% 16
\BOOKMARK [1][-]{section.4}{Derivatives}{}% 17
\BOOKMARK [2][-]{subsection.4.1}{Lookup tables}{section.4}% 18
\BOOKMARK [2][-]{subsection.4.2}{Staggered grids}{section.4}% 19
\BOOKMARK [1][-]{section.5}{Laplacian inversion}{}% 20
\BOOKMARK [2][-]{subsection.5.1}{Serial tridiagonal solver}{section.5}% 21
\BOOKMARK [2][-]{subsection.5.2}{Serial band solver}{section.5}% 22
\BOOKMARK [2][-]{subsection.5.3}{SPT parallel tridiagonal}{section.5}% 23
\BOOKMARK [2][-]{subsection.5.4}{PDD algorithm}{section.5}% 24
\BOOKMARK [1][-]{section.6}{Mesh}{}% 25
\BOOKMARK [2][-]{subsection.6.1}{Grid data sources}{section.6}% 26
\BOOKMARK [2][-]{subsection.6.2}{Loading a mesh}{section.6}% 27
\BOOKMARK [3][-]{subsubsection.6.2.1}{Implementation: BoutMesh}{subsection.6.2}% 28
\BOOKMARK [3][-]{subsubsection.6.2.2}{Implementation: QuiltMesh}{subsection.6.2}% 29
\BOOKMARK [2][-]{subsection.6.3}{Index ranges}{section.6}% 30
\BOOKMARK [2][-]{subsection.6.4}{Getting data}{section.6}% 31
\BOOKMARK [3][-]{subsubsection.6.4.1}{Implementation: BoutMesh}{subsection.6.4}% 32
\BOOKMARK [2][-]{subsection.6.5}{Communications}{section.6}% 33
\BOOKMARK [3][-]{subsubsection.6.5.1}{Implementation: BoutMesh}{subsection.6.5}% 34
\BOOKMARK [2][-]{subsection.6.6}{X communications}{section.6}% 35
\BOOKMARK [2][-]{subsection.6.7}{Y-Z surface communications}{section.6}% 36
\BOOKMARK [2][-]{subsection.6.8}{Boundary regions}{section.6}% 37
\BOOKMARK [2][-]{subsection.6.9}{Initial profiles}{section.6}% 38
\BOOKMARK [2][-]{subsection.6.10}{Differencing}{section.6}% 39
\BOOKMARK [2][-]{subsection.6.11}{Metrics}{section.6}% 40
\BOOKMARK [2][-]{subsection.6.12}{Miscellaneous}{section.6}% 41
\BOOKMARK [1][-]{section.7}{Boundary conditions}{}% 42
\BOOKMARK [2][-]{subsection.7.1}{Boundary regions}{section.7}% 43
\BOOKMARK [2][-]{subsection.7.2}{Boundary operations}{section.7}% 44
\BOOKMARK [2][-]{subsection.7.3}{Boundary modifiers}{section.7}% 45
\BOOKMARK [2][-]{subsection.7.4}{Boundary factory}{section.7}% 46
\BOOKMARK [1][-]{section.8}{Variable initialisation}{}% 47
\BOOKMARK [2][-]{subsection.8.1}{!FieldFactory! class}{section.8}% 48
\BOOKMARK [2][-]{subsection.8.2}{Adding a new function}{section.8}% 49
\BOOKMARK [2][-]{subsection.8.3}{Parser internals}{section.8}% 50
\BOOKMARK [1][-]{section.9}{Solver}{}% 51
\BOOKMARK [2][-]{subsection.9.1}{Implementation: PVODE}{section.9}% 52
\BOOKMARK [2][-]{subsection.9.2}{Implementation: IDA}{section.9}% 53
\BOOKMARK [2][-]{subsection.9.3}{Implementation: PETSc}{section.9}% 54
\BOOKMARK [1][-]{section.10}{File I/O}{}% 55
\BOOKMARK [1][-]{section.11}{Options}{}% 56
\BOOKMARK [2][-]{subsection.11.1}{Reading options}{section.11}% 57
\BOOKMARK [1][-]{section.12}{Miscellaneous}{}% 58
\BOOKMARK [2][-]{subsection.12.1}{Printing messages}{section.12}% 59
\BOOKMARK [2][-]{subsection.12.2}{Timing}{section.12}% 60
\BOOKMARK [2][-]{subsection.12.3}{Iterating over ranges}{section.12}% 61
\BOOKMARK [2][-]{subsection.12.4}{Error handling}{section.12}% 62
